#
# There is insufficient memory for the Java Runtime Environment to continue.
# Native memory allocation (malloc) failed to allocate 32744 bytes. Error detail: Chunk::new
# Possible reasons:
#   The system is out of physical RAM or swap space
#   This process is running with CompressedOops enabled, and the Java Heap may be blocking the growth of the native heap
# Possible solutions:
#   Reduce memory load on the system
#   Increase physical memory or swap space
#   Check if swap backing store is full
#   Decrease Java heap size (-Xmx/-Xms)
#   Decrease number of Java threads
#   Decrease Java thread stack sizes (-Xss)
#   Set larger code cache with -XX:ReservedCodeCacheSize=
#   JVM is running with Unscaled Compressed Oops mode in which the Java heap is
#     placed in the first 4GB address space. The Java Heap base address is the
#     maximum limit for the native heap growth. Please use -XX:HeapBaseMinAddress
#     to set the Java Heap base and to place the Java Heap above 4GB virtual address.
# This output file may be truncated or incomplete.
#
#  Out of Memory Error (arena.cpp:150), pid=14180, tid=16104
#
# JRE version: Java(TM) SE Runtime Environment (22.0.1+8) (build 22.0.1+8-16)
# Java VM: Java HotSpot(TM) 64-Bit Server VM (22.0.1+8-16, mixed mode, sharing, tiered, compressed oops, compressed class ptrs, g1 gc, windows-amd64)
# No core dump will be written. Minidumps are not enabled by default on client versions of Windows
#

---------------  S U M M A R Y ------------

Command Line: -Dfile.encoding=UTF-8 --enable-preview --module-path=C:\Users\Admin\Documents\NetBeansProjects\Scholarship_System\build\classes scholarship_system.Scholarship_System

Host: 11th Gen Intel(R) Core(TM) i5-11400H @ 2.70GHz, 12 cores, 7G,  Windows 11 , 64 bit Build 26100 (10.0.26100.3912)
Time: Sun Jun  1 18:09:55 2025 Malay Peninsula Standard Time elapsed time: 342.174408 seconds (0d 0h 5m 42s)

---------------  T H R E A D  ---------------

Current thread (0x0000017cffd05110):  JavaThread "C2 CompilerThread0" daemon [_thread_in_native, id=16104, stack(0x000000652ae00000,0x000000652af00000) (1024K)]


Current CompileTask:
C2:342174 5131   !   4       java.awt.DefaultKeyboardFocusManager::dispatchEvent (1625 bytes)

Stack: [0x000000652ae00000,0x000000652af00000]
Native frames: (J=compiled Java code, j=interpreted, Vv=VM code, C=native code)
V  [jvm.dll+0x6e2279]  (no source info available)
V  [jvm.dll+0x874e33]  (no source info available)
V  [jvm.dll+0x87725e]  (no source info available)
V  [jvm.dll+0x877933]  (no source info available)
V  [jvm.dll+0x27fd76]  (no source info available)
V  [jvm.dll+0xc3d0f]  (no source info available)
V  [jvm.dll+0xc40fb]  (no source info available)
V  [jvm.dll+0xc3bbb]  (no source info available)
V  [jvm.dll+0x708806]  (no source info available)
V  [jvm.dll+0x248c3d]  (no source info available)
V  [jvm.dll+0x246ec6]  (no source info available)
V  [jvm.dll+0x1c4e90]  (no source info available)
V  [jvm.dll+0x2569fe]  (no source info available)
V  [jvm.dll+0x254cba]  (no source info available)
V  [jvm.dll+0x3f5336]  (no source info available)
V  [jvm.dll+0x81d44b]  (no source info available)
V  [jvm.dll+0x6e0915]  (no source info available)
C  [ucrtbase.dll+0x37b0]  (no source info available)
C  [KERNEL32.DLL+0x2e8d7]  (no source info available)
C  [ntdll.dll+0x9c5dc]  (no source info available)


---------------  P R O C E S S  ---------------

Threads class SMR info:
_java_thread_list=0x0000017cca0f0cb0, length=17, elements={
0x0000017cffcd0000, 0x0000017cffcd0a60, 0x0000017cffcd70b0, 0x0000017cffcf7e70,
0x0000017cffcf9a80, 0x0000017cffcfc150, 0x0000017cffd05110, 0x0000017cffd0a050,
0x0000017cc90fb340, 0x0000017cc92478f0, 0x0000017cc9348fb0, 0x0000017cc934f640,
0x0000017cc93541a0, 0x0000017cc9363700, 0x0000017ce4d7d370, 0x0000017ccaaa46d0,
0x0000017cc92019c0
}

Java Threads: ( => current thread )
  0x0000017cffcd0000 JavaThread "Reference Handler"          daemon [_thread_blocked, id=20652, stack(0x000000652a800000,0x000000652a900000) (1024K)]
  0x0000017cffcd0a60 JavaThread "Finalizer"                  daemon [_thread_blocked, id=21952, stack(0x000000652a900000,0x000000652aa00000) (1024K)]
  0x0000017cffcd70b0 JavaThread "Signal Dispatcher"          daemon [_thread_blocked, id=15820, stack(0x000000652aa00000,0x000000652ab00000) (1024K)]
  0x0000017cffcf7e70 JavaThread "Attach Listener"            daemon [_thread_blocked, id=5460, stack(0x000000652ab00000,0x000000652ac00000) (1024K)]
  0x0000017cffcf9a80 JavaThread "Service Thread"             daemon [_thread_blocked, id=10416, stack(0x000000652ac00000,0x000000652ad00000) (1024K)]
  0x0000017cffcfc150 JavaThread "Monitor Deflation Thread"   daemon [_thread_blocked, id=3712, stack(0x000000652ad00000,0x000000652ae00000) (1024K)]
=>0x0000017cffd05110 JavaThread "C2 CompilerThread0"         daemon [_thread_in_native, id=16104, stack(0x000000652ae00000,0x000000652af00000) (1024K)]
  0x0000017cffd0a050 JavaThread "C1 CompilerThread0"         daemon [_thread_blocked, id=19732, stack(0x000000652af00000,0x000000652b000000) (1024K)]
  0x0000017cc90fb340 JavaThread "Common-Cleaner"             daemon [_thread_blocked, id=13496, stack(0x000000652b000000,0x000000652b100000) (1024K)]
  0x0000017cc92478f0 JavaThread "Notification Thread"        daemon [_thread_blocked, id=20860, stack(0x000000652b100000,0x000000652b200000) (1024K)]
  0x0000017cc9348fb0 JavaThread "Java2D Disposer"            daemon [_thread_blocked, id=21692, stack(0x000000652b300000,0x000000652b400000) (1024K)]
  0x0000017cc934f640 JavaThread "AWT-Shutdown"                      [_thread_blocked, id=11020, stack(0x000000652b400000,0x000000652b500000) (1024K)]
  0x0000017cc93541a0 JavaThread "AWT-Windows"                daemon [_thread_in_native, id=19864, stack(0x000000652b500000,0x000000652b600000) (1024K)]
  0x0000017cc9363700 JavaThread "AWT-EventQueue-0"                  [_thread_blocked, id=21632, stack(0x000000652b600000,0x000000652b700000) (1024K)]
  0x0000017ce4d7d370 JavaThread "DestroyJavaVM"                     [_thread_blocked, id=21084, stack(0x000000652a000000,0x000000652a100000) (1024K)]
  0x0000017ccaaa46d0 JavaThread "TimerQueue"                 daemon [_thread_blocked, id=11052, stack(0x000000652b200000,0x000000652b300000) (1024K)]
  0x0000017cc92019c0 JavaThread "mysql-cj-abandoned-connection-cleanup" daemon [_thread_blocked, id=2796, stack(0x000000652b700000,0x000000652b800000) (1024K)]
Total: 17

Other Threads:
  0x0000017cffcb28a0 VMThread "VM Thread"                           [id=4248, stack(0x000000652a700000,0x000000652a800000) (1024K)]
  0x0000017cffc99480 WatcherThread "VM Periodic Task Thread"        [id=17888, stack(0x000000652a600000,0x000000652a700000) (1024K)]
  0x0000017ce68cc140 WorkerThread "GC Thread#0"                     [id=7288, stack(0x000000652a100000,0x000000652a200000) (1024K)]
  0x0000017cca6c63f0 WorkerThread "GC Thread#1"                     [id=2144, stack(0x000000652b800000,0x000000652b900000) (1024K)]
  0x0000017cca6c67a0 WorkerThread "GC Thread#2"                     [id=14200, stack(0x000000652b900000,0x000000652ba00000) (1024K)]
  0x0000017cca6c6b50 WorkerThread "GC Thread#3"                     [id=18996, stack(0x000000652ba00000,0x000000652bb00000) (1024K)]
  0x0000017cca2ec160 WorkerThread "GC Thread#4"                     [id=1252, stack(0x000000652bb00000,0x000000652bc00000) (1024K)]
  0x0000017cca2ec510 WorkerThread "GC Thread#5"                     [id=17344, stack(0x000000652bc00000,0x000000652bd00000) (1024K)]
  0x0000017cca8c68a0 WorkerThread "GC Thread#6"                     [id=19092, stack(0x000000652bd00000,0x000000652be00000) (1024K)]
  0x0000017cca19abf0 WorkerThread "GC Thread#7"                     [id=18236, stack(0x000000652be00000,0x000000652bf00000) (1024K)]
  0x0000017cca19afa0 WorkerThread "GC Thread#8"                     [id=14664, stack(0x000000652bf00000,0x000000652c000000) (1024K)]
  0x0000017cca9ba850 WorkerThread "GC Thread#9"                     [id=20124, stack(0x0000006529e00000,0x0000006529f00000) (1024K)]
  0x0000017ce68de4d0 ConcurrentGCThread "G1 Main Marker"            [id=4552, stack(0x000000652a200000,0x000000652a300000) (1024K)]
  0x0000017ce68dff00 WorkerThread "G1 Conc#0"                       [id=21920, stack(0x000000652a300000,0x000000652a400000) (1024K)]
  0x0000017cffb68520 ConcurrentGCThread "G1 Refine#0"               [id=19908, stack(0x000000652a400000,0x000000652a500000) (1024K)]
  0x0000017cffb68eb0 ConcurrentGCThread "G1 Service"                [id=8636, stack(0x000000652a500000,0x000000652a600000) (1024K)]
Total: 16

Threads with active compile tasks:
C2 CompilerThread0  342212 5131   !   4       java.awt.DefaultKeyboardFocusManager::dispatchEvent (1625 bytes)
Total: 1

VM state: not at safepoint (normal execution)

VM Mutex/Monitor currently owned by a thread: None

Heap address: 0x0000000084400000, size: 1980 MB, Compressed Oops mode: 32-bit

CDS archive(s) mapped at: [0x0000017c84000000-0x0000017c84c60000-0x0000017c84c60000), size 12976128, SharedBaseAddress: 0x0000017c84000000, ArchiveRelocationMode: 1.
Compressed class space mapped at: 0x0000017c85000000-0x0000017cc5000000, reserved size: 1073741824
Narrow klass base: 0x0000017c84000000, Narrow klass shift: 0, Narrow klass range: 0x41000000

GC Precious Log:
 CardTable entry size: 512
 Card Set container configuration: InlinePtr #cards 5 size 8 Array Of Cards #cards 12 size 40 Howl #buckets 4 coarsen threshold 1843 Howl Bitmap #cards 512 size 80 coarsen threshold 460 Card regions per heap region 1 cards per card region 2048
 CPUs: 12 total, 12 available
 Memory: 7914M
 Large Page Support: Disabled
 NUMA Support: Disabled
 Compressed Oops: Enabled (32-bit)
 Heap Region Size: 1M
 Heap Min Capacity: 8M
 Heap Initial Capacity: 124M
 Heap Max Capacity: 1980M
 Pre-touch: Disabled
 Parallel Workers: 10
 Concurrent Workers: 3
 Concurrent Refinement Workers: 10
 Periodic GC: Disabled

Heap:
 garbage-first heap   total reserved 2027520K, committed 126976K, used 94046K [0x0000000084400000, 0x0000000100000000)
  region size 1024K, 54 young (55296K), 3 survivors (3072K)
 Metaspace       used 20654K, committed 20928K, reserved 1114112K
  class space    used 2133K, committed 2304K, reserved 1048576K

Heap Regions: E=young(eden), S=young(survivor), O=old, HS=humongous(starts), HC=humongous(continues), CS=collection set, F=free, TAMS=top-at-mark-start, PB=parsable bottom
|   0|0x0000000084400000, 0x0000000084500000, 0x0000000084500000|100%|HS|  |TAMS 0x0000000084400000| PB 0x0000000084400000| Complete |  0
|   1|0x0000000084500000, 0x0000000084600000, 0x0000000084600000|100%|HS|  |TAMS 0x0000000084500000| PB 0x0000000084500000| Complete |  0
|   2|0x0000000084600000, 0x0000000084700000, 0x0000000084700000|100%| O|  |TAMS 0x0000000084600000| PB 0x0000000084600000| Untracked |  0
|   3|0x0000000084700000, 0x00000000847e1ff8, 0x0000000084800000| 88%| O|  |TAMS 0x0000000084700000| PB 0x0000000084700000| Untracked |  0
|   4|0x0000000084800000, 0x0000000084900000, 0x0000000084900000|100%|HS|  |TAMS 0x0000000084800000| PB 0x0000000084800000| Complete |  0
|   5|0x0000000084900000, 0x0000000084a00000, 0x0000000084a00000|100%|HC|  |TAMS 0x0000000084900000| PB 0x0000000084900000| Complete |  0
|   6|0x0000000084a00000, 0x0000000084b00000, 0x0000000084b00000|100%|HC|  |TAMS 0x0000000084a00000| PB 0x0000000084a00000| Complete |  0
|   7|0x0000000084b00000, 0x0000000084c00000, 0x0000000084c00000|100%|HC|  |TAMS 0x0000000084b00000| PB 0x0000000084b00000| Complete |  0
|   8|0x0000000084c00000, 0x0000000084d00000, 0x0000000084d00000|100%|HC|  |TAMS 0x0000000084c00000| PB 0x0000000084c00000| Complete |  0
|   9|0x0000000084d00000, 0x0000000084e00000, 0x0000000084e00000|100%|HC|  |TAMS 0x0000000084d00000| PB 0x0000000084d00000| Complete |  0
|  10|0x0000000084e00000, 0x0000000084f00000, 0x0000000084f00000|100%|HC|  |TAMS 0x0000000084e00000| PB 0x0000000084e00000| Complete |  0
|  11|0x0000000084f00000, 0x0000000085000000, 0x0000000085000000|100%|HC|  |TAMS 0x0000000084f00000| PB 0x0000000084f00000| Complete |  0
|  12|0x0000000085000000, 0x0000000085000000, 0x0000000085100000|  0%| F|  |TAMS 0x0000000085000000| PB 0x0000000085000000| Untracked |  0
|  13|0x0000000085100000, 0x0000000085100000, 0x0000000085200000|  0%| F|  |TAMS 0x0000000085100000| PB 0x0000000085100000| Untracked |  0
|  14|0x0000000085200000, 0x0000000085200000, 0x0000000085300000|  0%| F|  |TAMS 0x0000000085200000| PB 0x0000000085200000| Untracked |  0
|  15|0x0000000085300000, 0x0000000085400000, 0x0000000085400000|100%|HS|  |TAMS 0x0000000085300000| PB 0x0000000085300000| Complete |  0
|  16|0x0000000085400000, 0x0000000085500000, 0x0000000085500000|100%|HC|  |TAMS 0x0000000085400000| PB 0x0000000085400000| Complete |  0
|  17|0x0000000085500000, 0x0000000085600000, 0x0000000085600000|100%|HC|  |TAMS 0x0000000085500000| PB 0x0000000085500000| Complete |  0
|  18|0x0000000085600000, 0x0000000085700000, 0x0000000085700000|100%|HC|  |TAMS 0x0000000085600000| PB 0x0000000085600000| Complete |  0
|  19|0x0000000085700000, 0x0000000085800000, 0x0000000085800000|100%|HC|  |TAMS 0x0000000085700000| PB 0x0000000085700000| Complete |  0
|  20|0x0000000085800000, 0x0000000085900000, 0x0000000085900000|100%|HC|  |TAMS 0x0000000085800000| PB 0x0000000085800000| Complete |  0
|  21|0x0000000085900000, 0x0000000085a00000, 0x0000000085a00000|100%|HC|  |TAMS 0x0000000085900000| PB 0x0000000085900000| Complete |  0
|  22|0x0000000085a00000, 0x0000000085b00000, 0x0000000085b00000|100%|HC|  |TAMS 0x0000000085a00000| PB 0x0000000085a00000| Complete |  0
|  23|0x0000000085b00000, 0x0000000085c00000, 0x0000000085c00000|100%| O|  |TAMS 0x0000000085b00000| PB 0x0000000085b00000| Untracked |  0
|  24|0x0000000085c00000, 0x0000000085d00000, 0x0000000085d00000|100%|HS|  |TAMS 0x0000000085c00000| PB 0x0000000085c00000| Complete |  0
|  25|0x0000000085d00000, 0x0000000085e00000, 0x0000000085e00000|100%|HC|  |TAMS 0x0000000085d00000| PB 0x0000000085d00000| Complete |  0
|  26|0x0000000085e00000, 0x0000000085f00000, 0x0000000085f00000|100%|HC|  |TAMS 0x0000000085e00000| PB 0x0000000085e00000| Complete |  0
|  27|0x0000000085f00000, 0x0000000086000000, 0x0000000086000000|100%|HC|  |TAMS 0x0000000085f00000| PB 0x0000000085f00000| Complete |  0
|  28|0x0000000086000000, 0x0000000086100000, 0x0000000086100000|100%|HC|  |TAMS 0x0000000086000000| PB 0x0000000086000000| Complete |  0
|  29|0x0000000086100000, 0x0000000086200000, 0x0000000086200000|100%|HC|  |TAMS 0x0000000086100000| PB 0x0000000086100000| Complete |  0
|  30|0x0000000086200000, 0x0000000086300000, 0x0000000086300000|100%|HC|  |TAMS 0x0000000086200000| PB 0x0000000086200000| Complete |  0
|  31|0x0000000086300000, 0x0000000086400000, 0x0000000086400000|100%|HC|  |TAMS 0x0000000086300000| PB 0x0000000086300000| Complete |  0
|  32|0x0000000086400000, 0x0000000086500000, 0x0000000086500000|100%|HS|  |TAMS 0x0000000086400000| PB 0x0000000086400000| Complete |  0
|  33|0x0000000086500000, 0x0000000086600000, 0x0000000086600000|100%|HC|  |TAMS 0x0000000086500000| PB 0x0000000086500000| Complete |  0
|  34|0x0000000086600000, 0x0000000086700000, 0x0000000086700000|100%|HC|  |TAMS 0x0000000086600000| PB 0x0000000086600000| Complete |  0
|  35|0x0000000086700000, 0x0000000086800000, 0x0000000086800000|100%|HS|  |TAMS 0x0000000086700000| PB 0x0000000086700000| Complete |  0
|  36|0x0000000086800000, 0x0000000086900000, 0x0000000086900000|100%|HC|  |TAMS 0x0000000086800000| PB 0x0000000086800000| Complete |  0
|  37|0x0000000086900000, 0x0000000086a00000, 0x0000000086a00000|100%|HC|  |TAMS 0x0000000086900000| PB 0x0000000086900000| Complete |  0
|  38|0x0000000086a00000, 0x0000000086b00000, 0x0000000086b00000|100%|HC|  |TAMS 0x0000000086a00000| PB 0x0000000086a00000| Complete |  0
|  39|0x0000000086b00000, 0x0000000086c00000, 0x0000000086c00000|100%|HC|  |TAMS 0x0000000086b00000| PB 0x0000000086b00000| Complete |  0
|  40|0x0000000086c00000, 0x0000000086d00000, 0x0000000086d00000|100%|HC|  |TAMS 0x0000000086c00000| PB 0x0000000086c00000| Complete |  0
|  41|0x0000000086d00000, 0x0000000086e00000, 0x0000000086e00000|100%|HC|  |TAMS 0x0000000086d00000| PB 0x0000000086d00000| Complete |  0
|  42|0x0000000086e00000, 0x0000000086f00000, 0x0000000086f00000|100%|HC|  |TAMS 0x0000000086e00000| PB 0x0000000086e00000| Complete |  0
|  43|0x0000000086f00000, 0x0000000086f00000, 0x0000000087000000|  0%| F|  |TAMS 0x0000000086f00000| PB 0x0000000086f00000| Untracked |  0
|  44|0x0000000087000000, 0x0000000087000000, 0x0000000087100000|  0%| F|  |TAMS 0x0000000087000000| PB 0x0000000087000000| Untracked |  0
|  45|0x0000000087100000, 0x0000000087100000, 0x0000000087200000|  0%| F|  |TAMS 0x0000000087100000| PB 0x0000000087100000| Untracked |  0
|  46|0x0000000087200000, 0x0000000087200000, 0x0000000087300000|  0%| F|  |TAMS 0x0000000087200000| PB 0x0000000087200000| Untracked |  0
|  47|0x0000000087300000, 0x0000000087300000, 0x0000000087400000|  0%| F|  |TAMS 0x0000000087300000| PB 0x0000000087300000| Untracked |  0
|  48|0x0000000087400000, 0x0000000087400000, 0x0000000087500000|  0%| F|  |TAMS 0x0000000087400000| PB 0x0000000087400000| Untracked |  0
|  49|0x0000000087500000, 0x0000000087500000, 0x0000000087600000|  0%| F|  |TAMS 0x0000000087500000| PB 0x0000000087500000| Untracked |  0
|  50|0x0000000087600000, 0x0000000087600000, 0x0000000087700000|  0%| F|  |TAMS 0x0000000087600000| PB 0x0000000087600000| Untracked |  0
|  51|0x0000000087700000, 0x0000000087700000, 0x0000000087800000|  0%| F|  |TAMS 0x0000000087700000| PB 0x0000000087700000| Untracked |  0
|  52|0x0000000087800000, 0x0000000087800000, 0x0000000087900000|  0%| F|  |TAMS 0x0000000087800000| PB 0x0000000087800000| Untracked |  0
|  53|0x0000000087900000, 0x0000000087900000, 0x0000000087a00000|  0%| F|  |TAMS 0x0000000087900000| PB 0x0000000087900000| Untracked |  0
|  54|0x0000000087a00000, 0x0000000087a00000, 0x0000000087b00000|  0%| F|  |TAMS 0x0000000087a00000| PB 0x0000000087a00000| Untracked |  0
|  55|0x0000000087b00000, 0x0000000087b00000, 0x0000000087c00000|  0%| F|  |TAMS 0x0000000087b00000| PB 0x0000000087b00000| Untracked |  0
|  56|0x0000000087c00000, 0x0000000087c00000, 0x0000000087d00000|  0%| F|  |TAMS 0x0000000087c00000| PB 0x0000000087c00000| Untracked |  0
|  57|0x0000000087d00000, 0x0000000087d00000, 0x0000000087e00000|  0%| F|  |TAMS 0x0000000087d00000| PB 0x0000000087d00000| Untracked |  0
|  58|0x0000000087e00000, 0x0000000087e00000, 0x0000000087f00000|  0%| F|  |TAMS 0x0000000087e00000| PB 0x0000000087e00000| Untracked |  0
|  59|0x0000000087f00000, 0x0000000087f00000, 0x0000000088000000|  0%| F|  |TAMS 0x0000000087f00000| PB 0x0000000087f00000| Untracked |  0
|  60|0x0000000088000000, 0x0000000088000000, 0x0000000088100000|  0%| F|  |TAMS 0x0000000088000000| PB 0x0000000088000000| Untracked |  0
|  61|0x0000000088100000, 0x0000000088100000, 0x0000000088200000|  0%| F|  |TAMS 0x0000000088100000| PB 0x0000000088100000| Untracked |  0
|  62|0x0000000088200000, 0x0000000088200000, 0x0000000088300000|  0%| F|  |TAMS 0x0000000088200000| PB 0x0000000088200000| Untracked |  0
|  63|0x0000000088300000, 0x0000000088300000, 0x0000000088400000|  0%| F|  |TAMS 0x0000000088300000| PB 0x0000000088300000| Untracked |  0
|  64|0x0000000088400000, 0x0000000088400000, 0x0000000088500000|  0%| F|  |TAMS 0x0000000088400000| PB 0x0000000088400000| Untracked |  0
|  65|0x0000000088500000, 0x0000000088500000, 0x0000000088600000|  0%| F|  |TAMS 0x0000000088500000| PB 0x0000000088500000| Untracked |  0
|  66|0x0000000088600000, 0x0000000088600000, 0x0000000088700000|  0%| F|  |TAMS 0x0000000088600000| PB 0x0000000088600000| Untracked |  0
|  67|0x0000000088700000, 0x0000000088700000, 0x0000000088800000|  0%| F|  |TAMS 0x0000000088700000| PB 0x0000000088700000| Untracked |  0
|  68|0x0000000088800000, 0x0000000088800000, 0x0000000088900000|  0%| F|  |TAMS 0x0000000088800000| PB 0x0000000088800000| Untracked |  0
|  69|0x0000000088900000, 0x0000000088900000, 0x0000000088a00000|  0%| F|  |TAMS 0x0000000088900000| PB 0x0000000088900000| Untracked |  0
|  70|0x0000000088a00000, 0x0000000088a77f50, 0x0000000088b00000| 46%| E|  |TAMS 0x0000000088a00000| PB 0x0000000088a00000| Complete |  0
|  71|0x0000000088b00000, 0x0000000088c00000, 0x0000000088c00000|100%| E|CS|TAMS 0x0000000088b00000| PB 0x0000000088b00000| Complete |  0
|  72|0x0000000088c00000, 0x0000000088d00000, 0x0000000088d00000|100%| E|CS|TAMS 0x0000000088c00000| PB 0x0000000088c00000| Complete |  0
|  73|0x0000000088d00000, 0x0000000088e00000, 0x0000000088e00000|100%| E|CS|TAMS 0x0000000088d00000| PB 0x0000000088d00000| Complete |  0
|  74|0x0000000088e00000, 0x0000000088f00000, 0x0000000088f00000|100%| E|CS|TAMS 0x0000000088e00000| PB 0x0000000088e00000| Complete |  0
|  75|0x0000000088f00000, 0x0000000089000000, 0x0000000089000000|100%| E|CS|TAMS 0x0000000088f00000| PB 0x0000000088f00000| Complete |  0
|  76|0x0000000089000000, 0x0000000089100000, 0x0000000089100000|100%| E|CS|TAMS 0x0000000089000000| PB 0x0000000089000000| Complete |  0
|  77|0x0000000089100000, 0x0000000089200000, 0x0000000089200000|100%| E|  |TAMS 0x0000000089100000| PB 0x0000000089100000| Complete |  0
|  78|0x0000000089200000, 0x0000000089300000, 0x0000000089300000|100%| E|CS|TAMS 0x0000000089200000| PB 0x0000000089200000| Complete |  0
|  79|0x0000000089300000, 0x0000000089400000, 0x0000000089400000|100%| E|CS|TAMS 0x0000000089300000| PB 0x0000000089300000| Complete |  0
|  80|0x0000000089400000, 0x0000000089500000, 0x0000000089500000|100%| E|CS|TAMS 0x0000000089400000| PB 0x0000000089400000| Complete |  0
|  81|0x0000000089500000, 0x0000000089600000, 0x0000000089600000|100%| E|CS|TAMS 0x0000000089500000| PB 0x0000000089500000| Complete |  0
|  82|0x0000000089600000, 0x0000000089700000, 0x0000000089700000|100%| E|CS|TAMS 0x0000000089600000| PB 0x0000000089600000| Complete |  0
|  83|0x0000000089700000, 0x0000000089800000, 0x0000000089800000|100%| E|CS|TAMS 0x0000000089700000| PB 0x0000000089700000| Complete |  0
|  84|0x0000000089800000, 0x00000000898f5a00, 0x0000000089900000| 95%| S|CS|TAMS 0x0000000089800000| PB 0x0000000089800000| Complete |  0
|  85|0x0000000089900000, 0x0000000089a00000, 0x0000000089a00000|100%| S|CS|TAMS 0x0000000089900000| PB 0x0000000089900000| Complete |  0
|  86|0x0000000089a00000, 0x0000000089b00000, 0x0000000089b00000|100%| S|CS|TAMS 0x0000000089a00000| PB 0x0000000089a00000| Complete |  0
|  87|0x0000000089b00000, 0x0000000089c00000, 0x0000000089c00000|100%| E|CS|TAMS 0x0000000089b00000| PB 0x0000000089b00000| Complete |  0
|  88|0x0000000089c00000, 0x0000000089d00000, 0x0000000089d00000|100%| E|CS|TAMS 0x0000000089c00000| PB 0x0000000089c00000| Complete |  0
|  89|0x0000000089d00000, 0x0000000089e00000, 0x0000000089e00000|100%| E|CS|TAMS 0x0000000089d00000| PB 0x0000000089d00000| Complete |  0
|  90|0x0000000089e00000, 0x0000000089f00000, 0x0000000089f00000|100%| E|CS|TAMS 0x0000000089e00000| PB 0x0000000089e00000| Complete |  0
|  91|0x0000000089f00000, 0x000000008a000000, 0x000000008a000000|100%| E|CS|TAMS 0x0000000089f00000| PB 0x0000000089f00000| Complete |  0
|  92|0x000000008a000000, 0x000000008a100000, 0x000000008a100000|100%| E|CS|TAMS 0x000000008a000000| PB 0x000000008a000000| Complete |  0
|  93|0x000000008a100000, 0x000000008a200000, 0x000000008a200000|100%| E|CS|TAMS 0x000000008a100000| PB 0x000000008a100000| Complete |  0
|  94|0x000000008a200000, 0x000000008a300000, 0x000000008a300000|100%| E|CS|TAMS 0x000000008a200000| PB 0x000000008a200000| Complete |  0
|  95|0x000000008a300000, 0x000000008a400000, 0x000000008a400000|100%| E|CS|TAMS 0x000000008a300000| PB 0x000000008a300000| Complete |  0
|  96|0x000000008a400000, 0x000000008a500000, 0x000000008a500000|100%| E|CS|TAMS 0x000000008a400000| PB 0x000000008a400000| Complete |  0
|  97|0x000000008a500000, 0x000000008a600000, 0x000000008a600000|100%| E|CS|TAMS 0x000000008a500000| PB 0x000000008a500000| Complete |  0
|  98|0x000000008a600000, 0x000000008a700000, 0x000000008a700000|100%| E|CS|TAMS 0x000000008a600000| PB 0x000000008a600000| Complete |  0
|  99|0x000000008a700000, 0x000000008a800000, 0x000000008a800000|100%| E|CS|TAMS 0x000000008a700000| PB 0x000000008a700000| Complete |  0
| 100|0x000000008a800000, 0x000000008a900000, 0x000000008a900000|100%| E|CS|TAMS 0x000000008a800000| PB 0x000000008a800000| Complete |  0
| 101|0x000000008a900000, 0x000000008aa00000, 0x000000008aa00000|100%| E|CS|TAMS 0x000000008a900000| PB 0x000000008a900000| Complete |  0
| 102|0x000000008aa00000, 0x000000008ab00000, 0x000000008ab00000|100%| E|CS|TAMS 0x000000008aa00000| PB 0x000000008aa00000| Complete |  0
| 103|0x000000008ab00000, 0x000000008ac00000, 0x000000008ac00000|100%| E|CS|TAMS 0x000000008ab00000| PB 0x000000008ab00000| Complete |  0
| 104|0x000000008ac00000, 0x000000008ad00000, 0x000000008ad00000|100%| E|CS|TAMS 0x000000008ac00000| PB 0x000000008ac00000| Complete |  0
| 105|0x000000008ad00000, 0x000000008ae00000, 0x000000008ae00000|100%| E|CS|TAMS 0x000000008ad00000| PB 0x000000008ad00000| Complete |  0
| 106|0x000000008ae00000, 0x000000008af00000, 0x000000008af00000|100%| E|CS|TAMS 0x000000008ae00000| PB 0x000000008ae00000| Complete |  0
| 107|0x000000008af00000, 0x000000008b000000, 0x000000008b000000|100%| E|CS|TAMS 0x000000008af00000| PB 0x000000008af00000| Complete |  0
| 108|0x000000008b000000, 0x000000008b100000, 0x000000008b100000|100%| E|CS|TAMS 0x000000008b000000| PB 0x000000008b000000| Complete |  0
| 109|0x000000008b100000, 0x000000008b200000, 0x000000008b200000|100%| E|CS|TAMS 0x000000008b100000| PB 0x000000008b100000| Complete |  0
| 110|0x000000008b200000, 0x000000008b300000, 0x000000008b300000|100%| E|CS|TAMS 0x000000008b200000| PB 0x000000008b200000| Complete |  0
| 111|0x000000008b300000, 0x000000008b400000, 0x000000008b400000|100%| E|CS|TAMS 0x000000008b300000| PB 0x000000008b300000| Complete |  0
| 112|0x000000008b400000, 0x000000008b500000, 0x000000008b500000|100%| E|CS|TAMS 0x000000008b400000| PB 0x000000008b400000| Complete |  0
| 113|0x000000008b500000, 0x000000008b600000, 0x000000008b600000|100%| E|CS|TAMS 0x000000008b500000| PB 0x000000008b500000| Complete |  0
| 114|0x000000008b600000, 0x000000008b700000, 0x000000008b700000|100%| E|CS|TAMS 0x000000008b600000| PB 0x000000008b600000| Complete |  0
| 115|0x000000008b700000, 0x000000008b800000, 0x000000008b800000|100%| E|CS|TAMS 0x000000008b700000| PB 0x000000008b700000| Complete |  0
| 116|0x000000008b800000, 0x000000008b900000, 0x000000008b900000|100%| E|CS|TAMS 0x000000008b800000| PB 0x000000008b800000| Complete |  0
| 117|0x000000008b900000, 0x000000008ba00000, 0x000000008ba00000|100%| E|CS|TAMS 0x000000008b900000| PB 0x000000008b900000| Complete |  0
| 118|0x000000008ba00000, 0x000000008bb00000, 0x000000008bb00000|100%| E|CS|TAMS 0x000000008ba00000| PB 0x000000008ba00000| Complete |  0
| 119|0x000000008bb00000, 0x000000008bc00000, 0x000000008bc00000|100%| E|CS|TAMS 0x000000008bb00000| PB 0x000000008bb00000| Complete |  0
| 120|0x000000008bc00000, 0x000000008bd00000, 0x000000008bd00000|100%| E|CS|TAMS 0x000000008bc00000| PB 0x000000008bc00000| Complete |  0
| 121|0x000000008bd00000, 0x000000008be00000, 0x000000008be00000|100%| E|CS|TAMS 0x000000008bd00000| PB 0x000000008bd00000| Complete |  0
| 122|0x000000008be00000, 0x000000008bf00000, 0x000000008bf00000|100%| E|CS|TAMS 0x000000008be00000| PB 0x000000008be00000| Complete |  0
| 123|0x000000008bf00000, 0x000000008c000000, 0x000000008c000000|100%| E|CS|TAMS 0x000000008bf00000| PB 0x000000008bf00000| Complete |  0

Card table byte_map: [0x0000017cfeca0000,0x0000017cff080000] _byte_map_base: 0x0000017cfe87e000

Marking Bits: (CMBitMap*) 0x0000017ce68cd060
 Bits: [0x0000017c80000000, 0x0000017c81ef0000)

Polling page: 0x0000017ce4fe0000

Metaspace:

Usage:
  Non-class:     18.09 MB used.
      Class:      2.08 MB used.
       Both:     20.17 MB used.

Virtual space:
  Non-class space:       64.00 MB reserved,      18.19 MB ( 28%) committed,  1 nodes.
      Class space:        1.00 GB reserved,       2.25 MB ( <1%) committed,  1 nodes.
             Both:        1.06 GB reserved,      20.44 MB (  2%) committed. 

Chunk freelists:
   Non-Class:  13.50 MB
       Class:  13.60 MB
        Both:  27.11 MB

MaxMetaspaceSize: unlimited
CompressedClassSpaceSize: 1.00 GB
Initial GC threshold: 21.00 MB
Current GC threshold: 21.00 MB
CDS: on
 - commit_granule_bytes: 65536.
 - commit_granule_words: 8192.
 - virtual_space_node_default_size: 8388608.
 - enlarge_chunks_in_place: 1.
 - use_allocation_guard: 0.


Internal statistics:

num_allocs_failed_limit: 0.
num_arena_births: 234.
num_arena_deaths: 0.
num_vsnodes_births: 2.
num_vsnodes_deaths: 0.
num_space_committed: 327.
num_space_uncommitted: 0.
num_chunks_returned_to_freelist: 0.
num_chunks_taken_from_freelist: 515.
num_chunk_merges: 0.
num_chunk_splits: 333.
num_chunks_enlarged: 210.
num_inconsistent_stats: 0.

CodeHeap 'non-profiled nmethods': size=120000Kb used=2902Kb max_used=2902Kb free=117097Kb
 bounds [0x0000017cf6700000, 0x0000017cf69e0000, 0x0000017cfdc30000]
CodeHeap 'profiled nmethods': size=120000Kb used=10119Kb max_used=10119Kb free=109880Kb
 bounds [0x0000017ceec30000, 0x0000017cef620000, 0x0000017cf6160000]
CodeHeap 'non-nmethods': size=5760Kb used=2028Kb max_used=2052Kb free=3731Kb
 bounds [0x0000017cf6160000, 0x0000017cf63d0000, 0x0000017cf6700000]
 total_blobs=5937 nmethods=5130 adapters=710
 compilation: enabled
              stopped_count=0, restarted_count=0
 full_count=0

Compilation events (20 events):
Event: 322.406 Thread 0x0000017cffd05110 nmethod 5084 0x0000017cf69cbb90 code [0x0000017cf69cbf40, 0x0000017cf69cdd38]
Event: 323.585 Thread 0x0000017cca10a000 5122   !   4       java.awt.GradientPaintContext::<init> (649 bytes)
Event: 323.603 Thread 0x0000017cca10a000 nmethod 5122 0x0000017cf69cf010 code [0x0000017cf69cf4a0, 0x0000017cf69d1660]
Event: 324.790 Thread 0x0000017cffd0a050 5123       1       com.mysql.cj.CoreSession::getSessionLock (5 bytes)
Event: 324.790 Thread 0x0000017cffd0a050 nmethod 5123 0x0000017cf69d2610 code [0x0000017cf69d27a0, 0x0000017cf69d2868]
Event: 324.793 Thread 0x0000017cffd0a050 5124   !   3       sun.java2d.SunGraphics2D::clone (114 bytes)
Event: 324.793 Thread 0x0000017cffd0a050 nmethod 5124 0x0000017cef60f390 code [0x0000017cef60f5e0, 0x0000017cef6100d0]
Event: 324.954 Thread 0x0000017cffd05110 5125       4       javax.swing.plaf.ComponentUI::update (36 bytes)
Event: 324.958 Thread 0x0000017cffd05110 nmethod 5125 0x0000017cf69d2910 code [0x0000017cf69d2b20, 0x0000017cf69d31a8]
Event: 324.970 Thread 0x0000017cffd0a050 5126       3       java.awt.Window::processEvent (101 bytes)
Event: 324.970 Thread 0x0000017cffd0a050 nmethod 5126 0x0000017cef610510 code [0x0000017cef610760, 0x0000017cef6113e8]
Event: 324.971 Thread 0x0000017cffd0a050 5127       1       sun.awt.im.InputMethodAdapter::setClientComponent (6 bytes)
Event: 324.971 Thread 0x0000017cffd0a050 nmethod 5127 0x0000017cf69d3690 code [0x0000017cf69d3820, 0x0000017cf69d3930]
Event: 337.690 Thread 0x0000017cffd05110 5128       4       java.awt.Container::processEvent (22 bytes)
Event: 337.692 Thread 0x0000017cffd05110 nmethod 5128 0x0000017cf69d3990 code [0x0000017cf69d3bc0, 0x0000017cf69d3f68]
Event: 337.725 Thread 0x0000017cffd0a050 5129       3       java.awt.event.MouseEvent::setOldModifiers (273 bytes)
Event: 337.725 Thread 0x0000017cffd0a050 nmethod 5129 0x0000017cef611610 code [0x0000017cef6117c0, 0x0000017cef611c30]
Event: 338.056 Thread 0x0000017cffd05110 5130       4       sun.awt.im.InputMethodContext::dispatchEvent (62 bytes)
Event: 338.070 Thread 0x0000017cffd05110 nmethod 5130 0x0000017cf69d4310 code [0x0000017cf69d45c0, 0x0000017cf69d5190]
Event: 338.116 Thread 0x0000017cffd05110 5131   !   4       java.awt.DefaultKeyboardFocusManager::dispatchEvent (1625 bytes)

GC Heap History (4 events):
Event: 0.522 GC heap before
{Heap before GC invocations=0 (full 0):
 garbage-first heap   total reserved 2027520K, committed 126976K, used 48128K [0x0000000084400000, 0x0000000100000000)
  region size 1024K, 24 young (24576K), 0 survivors (0K)
 Metaspace       used 5238K, committed 5504K, reserved 1114112K
  class space    used 556K, committed 704K, reserved 1048576K
}
Event: 0.526 GC heap after
{Heap after GC invocations=1 (full 0):
 garbage-first heap   total reserved 2027520K, committed 126976K, used 23591K [0x0000000084400000, 0x0000000100000000)
  region size 1024K, 3 young (3072K), 3 survivors (3072K)
 Metaspace       used 5238K, committed 5504K, reserved 1114112K
  class space    used 556K, committed 704K, reserved 1048576K
}
Event: 97.005 GC heap before
{Heap before GC invocations=1 (full 0):
 garbage-first heap   total reserved 2027520K, committed 126976K, used 77863K [0x0000000084400000, 0x0000000100000000)
  region size 1024K, 37 young (37888K), 3 survivors (3072K)
 Metaspace       used 16103K, committed 16384K, reserved 1114112K
  class space    used 1787K, committed 1920K, reserved 1048576K
}
Event: 97.011 GC heap after
{Heap after GC invocations=2 (full 0):
 garbage-first heap   total reserved 2027520K, committed 126976K, used 42846K [0x0000000084400000, 0x0000000100000000)
  region size 1024K, 3 young (3072K), 3 survivors (3072K)
 Metaspace       used 16103K, committed 16384K, reserved 1114112K
  class space    used 1787K, committed 1920K, reserved 1048576K
}

Dll operation events (10 events):
Event: 0.006 Loaded shared library C:\Program Files\Java\jdk-22\bin\java.dll
Event: 0.028 Loaded shared library C:\Program Files\Java\jdk-22\bin\jsvml.dll
Event: 0.047 Loaded shared library C:\Program Files\Java\jdk-22\bin\net.dll
Event: 0.048 Loaded shared library C:\Program Files\Java\jdk-22\bin\nio.dll
Event: 0.061 Loaded shared library C:\Program Files\Java\jdk-22\bin\zip.dll
Event: 0.077 Loaded shared library C:\Program Files\Java\jdk-22\bin\jimage.dll
Event: 0.080 Loaded shared library C:\Program Files\Java\jdk-22\bin\awt.dll
Event: 0.554 Loaded shared library C:\Program Files\Java\jdk-22\bin\freetype.dll
Event: 0.554 Loaded shared library C:\Program Files\Java\jdk-22\bin\fontmanager.dll
Event: 11.040 Loaded shared library C:\Program Files\Java\jdk-22\bin\extnet.dll

Deoptimization events (20 events):
Event: 322.380 Thread 0x0000017cc9363700 DEOPT PACKING pc=0x0000017cf69a9368 sp=0x000000652b6fe050
Event: 322.380 Thread 0x0000017cc9363700 DEOPT UNPACKING pc=0x0000017cf61b7da2 sp=0x000000652b6fdf88 mode 2
Event: 322.380 Thread 0x0000017cc9363700 Uncommon trap: trap_request=0xffffffde fr.pc=0x0000017cf69a9368 relative=0x00000000000007c8
Event: 322.380 Thread 0x0000017cc9363700 Uncommon trap: reason=class_check action=maybe_recompile pc=0x0000017cf69a9368 method=java.util.regex.Pattern$BmpCharProperty.match(Ljava/util/regex/Matcher;ILjava/lang/CharSequence;)Z @ 36 c2
Event: 322.380 Thread 0x0000017cc9363700 DEOPT PACKING pc=0x0000017cf69a9368 sp=0x000000652b6fe050
Event: 322.380 Thread 0x0000017cc9363700 DEOPT UNPACKING pc=0x0000017cf61b7da2 sp=0x000000652b6fdf88 mode 2
Event: 322.380 Thread 0x0000017cc9363700 Uncommon trap: trap_request=0xffffffde fr.pc=0x0000017cf69a9368 relative=0x00000000000007c8
Event: 322.380 Thread 0x0000017cc9363700 Uncommon trap: reason=class_check action=maybe_recompile pc=0x0000017cf69a9368 method=java.util.regex.Pattern$BmpCharProperty.match(Ljava/util/regex/Matcher;ILjava/lang/CharSequence;)Z @ 36 c2
Event: 322.380 Thread 0x0000017cc9363700 DEOPT PACKING pc=0x0000017cf69a9368 sp=0x000000652b6fe050
Event: 322.380 Thread 0x0000017cc9363700 DEOPT UNPACKING pc=0x0000017cf61b7da2 sp=0x000000652b6fdf88 mode 2
Event: 322.381 Thread 0x0000017cc9363700 Uncommon trap: trap_request=0xffffff45 fr.pc=0x0000017cf685df54 relative=0x0000000000000b34
Event: 322.381 Thread 0x0000017cc9363700 Uncommon trap: reason=unstable_if action=reinterpret pc=0x0000017cf685df54 method=javax.swing.UIDefaults$TextAndMnemonicHashMap.get(Ljava/lang/Object;)Ljava/lang/Object; @ 244 c2
Event: 322.381 Thread 0x0000017cc9363700 DEOPT PACKING pc=0x0000017cf685df54 sp=0x000000652b6fe3c0
Event: 322.381 Thread 0x0000017cc9363700 DEOPT UNPACKING pc=0x0000017cf61b7da2 sp=0x000000652b6fe350 mode 2
Event: 323.585 Thread 0x0000017cc9363700 DEOPT PACKING pc=0x0000017cef2d5c11 sp=0x000000652b6fc280
Event: 323.585 Thread 0x0000017cc9363700 DEOPT UNPACKING pc=0x0000017cf61b88e2 sp=0x000000652b6fb758 mode 0
Event: 324.971 Thread 0x0000017cc9363700 Uncommon trap: trap_request=0xfffffff4 fr.pc=0x0000017cf68a7304 relative=0x0000000000005a44
Event: 324.971 Thread 0x0000017cc9363700 Uncommon trap: reason=null_check action=make_not_entrant pc=0x0000017cf68a7304 method=java.awt.DefaultKeyboardFocusManager.dispatchEvent(Ljava/awt/AWTEvent;)Z @ 511 c2
Event: 324.971 Thread 0x0000017cc9363700 DEOPT PACKING pc=0x0000017cf68a7304 sp=0x000000652b6fee80
Event: 324.971 Thread 0x0000017cc9363700 DEOPT UNPACKING pc=0x0000017cf61b7da2 sp=0x000000652b6fee50 mode 2

Classes loaded (20 events):
Event: 322.375 Loading class sun/security/provider/SHA2$SHA256
Event: 322.375 Loading class sun/security/provider/SHA2
Event: 322.375 Loading class sun/security/provider/SHA2 done
Event: 322.375 Loading class sun/security/provider/SHA2$SHA256 done
Event: 322.378 Loading class java/security/spec/AlgorithmParameterSpec
Event: 322.378 Loading class java/security/spec/AlgorithmParameterSpec done
Event: 322.379 Loading class sun/security/provider/MD5
Event: 322.379 Loading class sun/security/provider/MD5 done
Event: 322.379 Loading class sun/security/provider/ByteArrayAccess$LE
Event: 322.379 Loading class sun/security/provider/ByteArrayAccess$LE done
Event: 322.380 Loading class java/util/Formatter$FixedString
Event: 322.380 Loading class java/util/Formatter$FixedString done
Event: 322.381 Loading class java/io/FileOutputStream$1
Event: 322.381 Loading class java/io/FileOutputStream$1 done
Event: 324.728 Loading class java/awt/Desktop
Event: 324.729 Loading class java/awt/Desktop done
Event: 324.731 Loading class java/awt/Desktop$Action
Event: 324.731 Loading class java/awt/Desktop$Action done
Event: 324.731 Loading class sun/awt/windows/WDesktopPeer$1
Event: 324.731 Loading class sun/awt/windows/WDesktopPeer$1 done

Classes unloaded (0 events):
No events

Classes redefined (0 events):
No events

Internal exceptions (20 events):
Event: 0.168 Thread 0x0000017cc9363700 Exception <a 'java/lang/ClassNotFoundException'{0x000000008b929d38}: com/sun/swing/internal/plaf/basic/resources/spi/basicProvider> (0x000000008b929d38) 
thrown [s\open\src\hotspot\share\classfile\systemDictionary.cpp, line 313]
Event: 0.174 Thread 0x0000017cc9363700 Exception <a 'java/lang/NoSuchMethodError'{0x000000008b949428}: 'int java.lang.invoke.Invokers$Holder.invokeExact_MT(java.lang.Object, java.lang.Object)'> (0x000000008b949428) 
thrown [s\open\src\hotspot\share\interpreter\linkResolver.cpp, line 774]
Event: 0.227 Thread 0x0000017cc93e0b10 Exception <a 'java/lang/NoSuchMethodError'{0x000000008b72cf60}: 'java.lang.Object java.lang.invoke.DirectMethodHandle$Holder.newInvokeSpecial(java.lang.Object, java.lang.Object, java.lang.Object, int, int, int, int, int)'> (0x000000008b72cf60) 
thrown [s\open\src\hotspot\share\interpreter\linkResolver.cpp, line 774]
Event: 0.541 Thread 0x0000017cc93541a0 Exception <a 'java/lang/NoSuchMethodError'{0x000000008be08368}: 'void java.lang.invoke.DirectMethodHandle$Holder.invokeVirtual(java.lang.Object, java.lang.Object)'> (0x000000008be08368) 
thrown [s\open\src\hotspot\share\interpreter\linkResolver.cpp, line 774]
Event: 0.551 Thread 0x0000017cc9363700 Exception <a 'java/lang/NoSuchMethodError'{0x000000008be51e40}: 'void java.lang.invoke.DirectMethodHandle$Holder.invokeStaticInit(java.lang.Object)'> (0x000000008be51e40) 
thrown [s\open\src\hotspot\share\interpreter\linkResolver.cpp, line 774]
Event: 0.557 Thread 0x0000017cc9363700 Exception <a 'java/io/FileNotFoundException'{0x000000008be5d638}> (0x000000008be5d638) 
thrown [s\open\src\hotspot\share\prims\jni.cpp, line 520]
Event: 10.952 Thread 0x0000017cc9363700 Exception <a 'java/lang/NoSuchMethodError'{0x000000008b960c98}: 'void java.lang.invoke.DirectMethodHandle$Holder.invokeStatic(java.lang.Object, java.lang.Object)'> (0x000000008b960c98) 
thrown [s\open\src\hotspot\share\interpreter\linkResolver.cpp, line 774]
Event: 10.976 Thread 0x0000017cc9363700 Exception <a 'java/lang/NoSuchMethodError'{0x000000008b842660}: 'java.lang.Object java.lang.invoke.DirectMethodHandle$Holder.invokeInterface(java.lang.Object, java.lang.Object)'> (0x000000008b842660) 
thrown [s\open\src\hotspot\share\interpreter\linkResolver.cpp, line 774]
Event: 10.988 Thread 0x0000017cc9363700 Exception <a 'java/lang/NoSuchMethodError'{0x000000008b8ca868}: 'void java.lang.invoke.DirectMethodHandle$Holder.invokeStatic(java.lang.Object, java.lang.Object, java.lang.Object)'> (0x000000008b8ca868) 
thrown [s\open\src\hotspot\share\interpreter\linkResolver.cpp, line 774]
Event: 10.989 Thread 0x0000017cc9363700 Exception <a 'java/lang/NoSuchMethodError'{0x000000008b8d3a90}: 'java.lang.Object java.lang.invoke.DirectMethodHandle$Holder.invokeVirtual(java.lang.Object, java.lang.Object, java.lang.Object)'> (0x000000008b8d3a90) 
thrown [s\open\src\hotspot\share\interpreter\linkResolver.cpp, line 774]
Event: 11.115 Thread 0x0000017cc9363700 Exception <a 'java/lang/NoSuchMethodError'{0x000000008b1f10b0}: 'int java.lang.invoke.DirectMethodHandle$Holder.invokeSpecial(java.lang.Object, java.lang.Object, java.lang.Object)'> (0x000000008b1f10b0) 
thrown [s\open\src\hotspot\share\interpreter\linkResolver.cpp, line 774]
Event: 11.118 Thread 0x0000017cc9363700 Exception <a 'java/lang/NoSuchMethodError'{0x000000008b014fe0}: 'void java.lang.invoke.DirectMethodHandle$Holder.invokeStaticInit(java.lang.Object, java.lang.Object)'> (0x000000008b014fe0) 
thrown [s\open\src\hotspot\share\interpreter\linkResolver.cpp, line 774]
Event: 11.120 Thread 0x0000017cc9363700 Exception <a 'java/lang/NoSuchMethodError'{0x000000008b0296e0}: 'void java.lang.invoke.DirectMethodHandle$Holder.invokeInterface(java.lang.Object, java.lang.Object)'> (0x000000008b0296e0) 
thrown [s\open\src\hotspot\share\interpreter\linkResolver.cpp, line 774]
Event: 11.124 Thread 0x0000017cca6e97f0 Implicit null exception at 0x0000017cf675f4ab to 0x0000017cf6762bb4
Event: 11.143 Thread 0x0000017cc9363700 Exception <a 'java/lang/NoSuchMethodError'{0x000000008b079de8}: 'int java.lang.invoke.DirectMethodHandle$Holder.invokeStatic(java.lang.Object)'> (0x000000008b079de8) 
thrown [s\open\src\hotspot\share\interpreter\linkResolver.cpp, line 774]
Event: 153.548 Thread 0x0000017cc9363700 Implicit null exception at 0x0000017cf67dfaf7 to 0x0000017cf67e146c
Event: 285.446 Thread 0x0000017cc9363700 Implicit null exception at 0x0000017cf681ca21 to 0x0000017cf681cb76
Event: 322.357 Thread 0x0000017cc9363700 Exception <a 'java/lang/NoSuchMethodError'{0x0000000088c8e840}: 'java.lang.Object java.lang.invoke.DirectMethodHandle$Holder.invokeStaticInit(java.lang.Object, int, int, int, int)'> (0x0000000088c8e840) 
thrown [s\open\src\hotspot\share\interpreter\linkResolver.cpp, line 774]
Event: 322.374 Thread 0x0000017cc9363700 Exception <a 'java/lang/NoSuchMethodError'{0x0000000088b4aa78}: 'java.lang.Object java.lang.invoke.DirectMethodHandle$Holder.invokeStaticInit(java.lang.Object, java.lang.Object, int, int, int, int)'> (0x0000000088b4aa78) 
thrown [s\open\src\hotspot\share\interpreter\linkResolver.cpp, line 774]
Event: 324.971 Thread 0x0000017cc9363700 Implicit null exception at 0x0000017cf68a4085 to 0x0000017cf68a72f0

ZGC Phase Switch (0 events):
No events

VM Operations (20 events):
Event: 322.218 Executing VM operation: HandshakeAllThreads (Deoptimize)
Event: 322.218 Executing VM operation: HandshakeAllThreads (Deoptimize) done
Event: 322.259 Executing VM operation: HandshakeAllThreads (Deoptimize)
Event: 322.259 Executing VM operation: HandshakeAllThreads (Deoptimize) done
Event: 322.264 Executing VM operation: HandshakeAllThreads (Deoptimize)
Event: 322.264 Executing VM operation: HandshakeAllThreads (Deoptimize) done
Event: 322.269 Executing VM operation: HandshakeAllThreads (Deoptimize)
Event: 322.269 Executing VM operation: HandshakeAllThreads (Deoptimize) done
Event: 322.270 Executing VM operation: HandshakeAllThreads (Deoptimize)
Event: 322.270 Executing VM operation: HandshakeAllThreads (Deoptimize) done
Event: 322.341 Executing VM operation: HandshakeAllThreads (Deoptimize)
Event: 322.341 Executing VM operation: HandshakeAllThreads (Deoptimize) done
Event: 322.341 Executing VM operation: Cleanup
Event: 322.341 Executing VM operation: Cleanup done
Event: 323.346 Executing VM operation: Cleanup
Event: 323.347 Executing VM operation: Cleanup done
Event: 325.358 Executing VM operation: Cleanup
Event: 325.358 Executing VM operation: Cleanup done
Event: 338.478 Executing VM operation: Cleanup
Event: 339.136 Executing VM operation: Cleanup done

Events (20 events):
Event: 11.509 Thread 0x0000017cca559030 Thread exited: 0x0000017cca559030
Event: 13.627 Thread 0x0000017cca9e2ba0 Thread added: 0x0000017cca9e2ba0
Event: 13.868 Thread 0x0000017cca9e2ba0 Thread exited: 0x0000017cca9e2ba0
Event: 18.562 Thread 0x0000017cca6e97f0 Thread exited: 0x0000017cca6e97f0
Event: 32.733 Thread 0x0000017ccaa267a0 Thread added: 0x0000017ccaa267a0
Event: 37.742 Thread 0x0000017ccaa267a0 Thread exited: 0x0000017ccaa267a0
Event: 92.557 Thread 0x0000017ccaa274c0 Thread added: 0x0000017ccaa274c0
Event: 97.565 Thread 0x0000017ccaa274c0 Thread exited: 0x0000017ccaa274c0
Event: 116.254 Thread 0x0000017cca9b9860 Thread added: 0x0000017cca9b9860
Event: 121.445 Thread 0x0000017cca9b9860 Thread exited: 0x0000017cca9b9860
Event: 149.514 Thread 0x0000017cc9128810 Thread added: 0x0000017cc9128810
Event: 153.322 Thread 0x0000017cc9128810 Thread exited: 0x0000017cc9128810
Event: 153.561 Thread 0x0000017cca615aa0 Thread added: 0x0000017cca615aa0
Event: 155.291 Thread 0x0000017cca615aa0 Thread exited: 0x0000017cca615aa0
Event: 311.232 Thread 0x0000017ccaba8e50 Thread added: 0x0000017ccaba8e50
Event: 311.839 Thread 0x0000017ccaba8e50 Thread exited: 0x0000017ccaba8e50
Event: 322.287 Thread 0x0000017cca10a000 Thread added: 0x0000017cca10a000
Event: 322.295 Thread 0x0000017ccb433250 Thread added: 0x0000017ccb433250
Event: 323.586 Thread 0x0000017ccb433250 Thread exited: 0x0000017ccb433250
Event: 324.790 Thread 0x0000017cca10a000 Thread exited: 0x0000017cca10a000


Dynamic libraries:
0x00007ff6c3c90000 - 0x00007ff6c3ca0000 	C:\Program Files\Java\jdk-22\bin\java.exe
0x00007ffe69060000 - 0x00007ffe692c6000 	C:\WINDOWS\SYSTEM32\ntdll.dll
0x00007ffe682b0000 - 0x00007ffe68379000 	C:\WINDOWS\System32\KERNEL32.DLL
0x00007ffe663e0000 - 0x00007ffe667ac000 	C:\WINDOWS\System32\KERNELBASE.dll
0x00007ffe66290000 - 0x00007ffe663db000 	C:\WINDOWS\System32\ucrtbase.dll
0x00007ffe60250000 - 0x00007ffe60267000 	C:\Program Files\Java\jdk-22\bin\jli.dll
0x00007ffe5e5f0000 - 0x00007ffe5e60b000 	C:\Program Files\Java\jdk-22\bin\VCRUNTIME140.dll
0x00007ffe68920000 - 0x00007ffe689d2000 	C:\WINDOWS\System32\ADVAPI32.dll
0x00007ffe68050000 - 0x00007ffe680f9000 	C:\WINDOWS\System32\msvcrt.dll
0x00007ffe67ea0000 - 0x00007ffe67f46000 	C:\WINDOWS\System32\sechost.dll
0x00007ffe68cf0000 - 0x00007ffe68e06000 	C:\WINDOWS\System32\RPCRT4.dll
0x00007ffe68a10000 - 0x00007ffe68bda000 	C:\WINDOWS\System32\USER32.dll
0x00007ffe49e90000 - 0x00007ffe4a12a000 	C:\WINDOWS\WinSxS\amd64_microsoft.windows.common-controls_6595b64144ccf1df_6.0.26100.3912_none_3e07963ce335137e\COMCTL32.dll
0x00007ffe66930000 - 0x00007ffe66957000 	C:\WINDOWS\System32\win32u.dll
0x00007ffe689e0000 - 0x00007ffe68a0b000 	C:\WINDOWS\System32\GDI32.dll
0x00007ffe66c20000 - 0x00007ffe66d52000 	C:\WINDOWS\System32\gdi32full.dll
0x00007ffe66b70000 - 0x00007ffe66c13000 	C:\WINDOWS\System32\msvcp_win.dll
0x00007ffe5b100000 - 0x00007ffe5b10b000 	C:\WINDOWS\SYSTEM32\VERSION.dll
0x00007ffe67e60000 - 0x00007ffe67e90000 	C:\WINDOWS\System32\IMM32.DLL
0x00007ffe5e550000 - 0x00007ffe5e55c000 	C:\Program Files\Java\jdk-22\bin\vcruntime140_1.dll
0x00007ffe48190000 - 0x00007ffe4821e000 	C:\Program Files\Java\jdk-22\bin\msvcp140.dll
0x00007ffe14fc0000 - 0x00007ffe15d07000 	C:\Program Files\Java\jdk-22\bin\server\jvm.dll
0x00007ffe674e0000 - 0x00007ffe67554000 	C:\WINDOWS\System32\WS2_32.dll
0x00007ffe64e20000 - 0x00007ffe64e7e000 	C:\WINDOWS\SYSTEM32\POWRPROF.dll
0x00007ffe58f40000 - 0x00007ffe58f76000 	C:\WINDOWS\SYSTEM32\WINMM.dll
0x00007ffe64e00000 - 0x00007ffe64e14000 	C:\WINDOWS\SYSTEM32\UMPDC.dll
0x00007ffe650d0000 - 0x00007ffe650ea000 	C:\WINDOWS\SYSTEM32\kernel.appcore.dll
0x00007ffe5e430000 - 0x00007ffe5e43a000 	C:\Program Files\Java\jdk-22\bin\jimage.dll
0x00007ffe637c0000 - 0x00007ffe63a01000 	C:\WINDOWS\SYSTEM32\DBGHELP.DLL
0x00007ffe67130000 - 0x00007ffe674b4000 	C:\WINDOWS\System32\combase.dll
0x00007ffe66e20000 - 0x00007ffe66f00000 	C:\WINDOWS\System32\OLEAUT32.dll
0x00007ffe4dd40000 - 0x00007ffe4dd79000 	C:\WINDOWS\SYSTEM32\dbgcore.DLL
0x00007ffe661f0000 - 0x00007ffe66289000 	C:\WINDOWS\System32\bcryptPrimitives.dll
0x00007ffe5e530000 - 0x00007ffe5e54e000 	C:\Program Files\Java\jdk-22\bin\java.dll
0x00007ffe67560000 - 0x00007ffe67c8d000 	C:\WINDOWS\System32\SHELL32.dll
0x00007ffe66960000 - 0x00007ffe66ad4000 	C:\WINDOWS\System32\wintypes.dll
0x00007ffe68100000 - 0x00007ffe6829f000 	C:\WINDOWS\System32\ole32.dll
0x00007ffe63e80000 - 0x00007ffe646d6000 	C:\WINDOWS\SYSTEM32\windows.storage.dll
0x00007ffe67f50000 - 0x00007ffe6803f000 	C:\WINDOWS\System32\SHCORE.dll
0x00007ffe67df0000 - 0x00007ffe67e59000 	C:\WINDOWS\System32\shlwapi.dll
0x00007ffe66100000 - 0x00007ffe6612f000 	C:\WINDOWS\SYSTEM32\profapi.dll
0x00007ffe37150000 - 0x00007ffe37227000 	C:\Program Files\Java\jdk-22\bin\jsvml.dll
0x00007ffe5e410000 - 0x00007ffe5e420000 	C:\Program Files\Java\jdk-22\bin\net.dll
0x00007ffe65640000 - 0x00007ffe656aa000 	C:\WINDOWS\system32\mswsock.dll
0x00007ffe5adf0000 - 0x00007ffe5ae06000 	C:\Program Files\Java\jdk-22\bin\nio.dll
0x00007ffe4f630000 - 0x00007ffe4f647000 	C:\Program Files\Java\jdk-22\bin\zip.dll
0x00007ffe1dfe0000 - 0x00007ffe1e16e000 	C:\Program Files\Java\jdk-22\bin\awt.dll
0x00007ffe60480000 - 0x00007ffe6051e000 	C:\WINDOWS\SYSTEM32\apphelp.dll
0x00007ffe60600000 - 0x00007ffe606af000 	C:\WINDOWS\system32\uxtheme.dll
0x00007ffe66fc0000 - 0x00007ffe6711f000 	C:\WINDOWS\System32\MSCTF.dll
0x00007ffe60b30000 - 0x00007ffe60b66000 	C:\WINDOWS\system32\DWMAPI.DLL
0x00007ffe41b80000 - 0x00007ffe41c8c000 	C:\WINDOWS\system32\opengl32.dll
0x00007ffe4c040000 - 0x00007ffe4c06d000 	C:\WINDOWS\SYSTEM32\GLU32.dll
0x00007ffe60b90000 - 0x00007ffe60bd7000 	C:\WINDOWS\SYSTEM32\dxcore.dll
0x00007ffe47f70000 - 0x00007ffe47ff7000 	C:\Program Files\Java\jdk-22\bin\freetype.dll
0x00007ffe29b60000 - 0x00007ffe29c37000 	C:\Program Files\Java\jdk-22\bin\fontmanager.dll
0x00007ffe4d390000 - 0x00007ffe4d4dd000 	C:\WINDOWS\SYSTEM32\textinputframework.dll
0x00007ffe60090000 - 0x00007ffe601b6000 	C:\WINDOWS\SYSTEM32\CoreMessaging.dll
0x00007ffe5b260000 - 0x00007ffe5b543000 	C:\WINDOWS\SYSTEM32\CoreUIComponents.dll
0x00007ffe65900000 - 0x00007ffe6590c000 	C:\WINDOWS\SYSTEM32\CRYPTBASE.DLL
0x00007ffe66f10000 - 0x00007ffe66fb8000 	C:\WINDOWS\System32\clbcatq.dll
0x00007ffe5eca0000 - 0x00007ffe5eeda000 	C:\WINDOWS\SYSTEM32\WindowsCodecs.dll
0x00007ffe46ee0000 - 0x00007ffe46f3a000 	C:\WINDOWS\system32\dataexchange.dll
0x00007ffe54320000 - 0x00007ffe5455c000 	C:\WINDOWS\system32\twinapi.appcore.dll
0x00007ffe64be0000 - 0x00007ffe64d07000 	C:\WINDOWS\SYSTEM32\DNSAPI.dll
0x00007ffe64b10000 - 0x00007ffe64b43000 	C:\WINDOWS\SYSTEM32\IPHLPAPI.DLL
0x00007ffe674c0000 - 0x00007ffe674ca000 	C:\WINDOWS\System32\NSI.dll
0x00007ffe5c7b0000 - 0x00007ffe5c7bb000 	C:\Windows\System32\rasadhlp.dll
0x00007ffe5d010000 - 0x00007ffe5d096000 	C:\WINDOWS\System32\fwpuclnt.dll
0x00007ffe4d9f0000 - 0x00007ffe4d9f9000 	C:\Program Files\Java\jdk-22\bin\extnet.dll
0x00007ffe45160000 - 0x00007ffe451db000 	C:\WINDOWS\system32\Ninput.dll
0x00007ffe658e0000 - 0x00007ffe658fc000 	C:\WINDOWS\SYSTEM32\CRYPTSP.dll
0x00007ffe65030000 - 0x00007ffe6506a000 	C:\WINDOWS\system32\rsaenh.dll
0x00007ffe656e0000 - 0x00007ffe6570b000 	C:\WINDOWS\SYSTEM32\USERENV.dll
0x00007ffe660d0000 - 0x00007ffe660f6000 	C:\WINDOWS\SYSTEM32\bcrypt.dll
0x00007ffe60540000 - 0x00007ffe60556000 	C:\WINDOWS\system32\Wtsapi32.dll
0x00007ffe649a0000 - 0x00007ffe64a07000 	C:\WINDOWS\SYSTEM32\WINSTA.dll
0x00007ffe5dba0000 - 0x00007ffe5dc9c000 	C:\WINDOWS\SYSTEM32\PROPSYS.dll
0x00007ffe45af0000 - 0x00007ffe45baf000 	C:\Windows\System32\Windows.FileExplorer.Common.dll
0x00007ffe65e60000 - 0x00007ffe65eb7000 	C:\WINDOWS\SYSTEM32\CFGMGR32.dll
0x00007ffe35990000 - 0x00007ffe35a54000 	C:\Windows\System32\Windows.StateRepositoryPS.dll
0x00007ffe46410000 - 0x00007ffe46456000 	C:\WINDOWS\SYSTEM32\windows.staterepositoryclient.dll
0x00007ffe36230000 - 0x00007ffe36259000 	C:\WINDOWS\SYSTEM32\edputil.dll
0x00007ffe35710000 - 0x00007ffe35890000 	C:\Windows\System32\Windows.System.Launcher.dll
0x00007ffe58ba0000 - 0x00007ffe58bba000 	C:\WINDOWS\SYSTEM32\windows.staterepositorycore.dll
0x00007ffe4cf90000 - 0x00007ffe4d16c000 	C:\WINDOWS\SYSTEM32\urlmon.dll
0x00007ffe4ccc0000 - 0x00007ffe4cf8a000 	C:\WINDOWS\SYSTEM32\iertutil.dll
0x00007ffe64950000 - 0x00007ffe6495d000 	C:\WINDOWS\SYSTEM32\netutils.dll
0x00007ffe4cc90000 - 0x00007ffe4ccb9000 	C:\WINDOWS\SYSTEM32\srvcli.dll
0x00007ffe358f0000 - 0x00007ffe3591e000 	C:\Windows\System32\cldapi.dll
0x00007ffe65370000 - 0x00007ffe653b8000 	C:\WINDOWS\SYSTEM32\SspiCli.dll
0x00007ffe40c40000 - 0x00007ffe40c57000 	C:\WINDOWS\SYSTEM32\virtdisk.dll
0x00007ffe659a0000 - 0x00007ffe659fd000 	C:\WINDOWS\SYSTEM32\Wldp.dll

dbghelp: loaded successfully - version: 4.0.5 - missing functions: none
symbol engine: initialized successfully - sym options: 0x614 - pdb path: .;C:\Program Files\Java\jdk-22\bin;C:\WINDOWS\SYSTEM32;C:\WINDOWS\WinSxS\amd64_microsoft.windows.common-controls_6595b64144ccf1df_6.0.26100.3912_none_3e07963ce335137e;C:\Program Files\Java\jdk-22\bin\server

VM Arguments:
jvm_args: -Dfile.encoding=UTF-8 --enable-preview --module-path=C:\Users\Admin\Documents\NetBeansProjects\Scholarship_System\build\classes 
java_command: scholarship_system.Scholarship_System
java_class_path (initial): C:\Program Files\NetBeans-21\netbeans\java\modules\ext\AbsoluteLayout.jar;C:\Users\Admin\Downloads\mysql-connector-j-9.1.0\mysql-connector-j-9.1.0.jar;C:\Users\Admin\Downloads\pdfbox-app-3.0.5.jar;C:\Users\Admin\Downloads\kernel-7.1.9.jar;C:\Users\Admin\Downloads\layout-7.1.9.jar;C:\Users\Admin\Downloads\io-7.1.9.jar;C:\Users\Admin\Downloads\openpdf-1.3.30.jar;C:\Users\Admin\Documents\NetBeansProjects\Scholarship_System\build\classes
Launcher Type: SUN_STANDARD

[Global flags]
     intx CICompilerCount                          = 4                                         {product} {ergonomic}
     uint ConcGCThreads                            = 3                                         {product} {ergonomic}
     uint G1ConcRefinementThreads                  = 10                                        {product} {ergonomic}
   size_t G1HeapRegionSize                         = 1048576                                   {product} {ergonomic}
   size_t InitialHeapSize                          = 130023424                                 {product} {ergonomic}
   size_t MarkStackSize                            = 4194304                                   {product} {ergonomic}
   size_t MaxHeapSize                              = 2076180480                                {product} {ergonomic}
   size_t MaxNewSize                               = 1245708288                                {product} {ergonomic}
   size_t MinHeapDeltaBytes                        = 1048576                                   {product} {ergonomic}
   size_t MinHeapSize                              = 8388608                                   {product} {ergonomic}
    uintx NonNMethodCodeHeapSize                   = 5839372                                {pd product} {ergonomic}
    uintx NonProfiledCodeHeapSize                  = 122909434                              {pd product} {ergonomic}
    uintx ProfiledCodeHeapSize                     = 122909434                              {pd product} {ergonomic}
    uintx ReservedCodeCacheSize                    = 251658240                              {pd product} {ergonomic}
     bool SegmentedCodeCache                       = true                                      {product} {ergonomic}
   size_t SoftMaxHeapSize                          = 2076180480                             {manageable} {ergonomic}
     bool UseCompressedOops                        = true                           {product lp64_product} {ergonomic}
     bool UseG1GC                                  = true                                      {product} {ergonomic}
     bool UseLargePagesIndividualAllocation        = false                                  {pd product} {ergonomic}

Logging:
Log output configuration:
 #0: stdout all=warning uptime,level,tags foldmultilines=false
 #1: stderr all=off uptime,level,tags foldmultilines=false

Environment Variables:
JAVA_HOME=C:\Program Files\Java
PATH=C:\Program Files\Common Files\Oracle\Java\javapath;C:\WINDOWS\system32;C:\WINDOWS;C:\WINDOWS\System32\Wbem;C:\WINDOWS\System32\WindowsPowerShell\v1.0\;C:\WINDOWS\System32\OpenSSH\;C:\Program Files\dotnet\;C:\Program Files\Git\cmd;C:\Program Files (x86)\NVIDIA Corporation\PhysX\Common;C:\Program Files\NVIDIA Corporation\NVIDIA NvDLISR;C:\Program Files\Java\jdk-22\bin;C:\Program Files\nodejs\;C:\Users\Admin\AppData\Local\Microsoft\WindowsApps;;C:\xampp\php;C:\Users\Admin\AppData\Local\ComposerSetup\bin;C:\Users\Admin\AppData\Roaming\Composer\vendor\bin;C:\Users\Admin\AppData\Local\Programs\Microsoft VS Code\bin;C:\Users\Admin\AppData\Roaming\npm;C:\Users\Admin\.dotnet\tools
USERNAME=Admin
OS=Windows_NT
PROCESSOR_IDENTIFIER=Intel64 Family 6 Model 141 Stepping 1, GenuineIntel
TMP=C:\Users\Admin\AppData\Local\Temp
TEMP=C:\Users\Admin\AppData\Local\Temp




Periodic native trim disabled

---------------  S Y S T E M  ---------------

OS:
 Windows 11 , 64 bit Build 26100 (10.0.26100.3912)
OS uptime: 16 days 8:30 hours
Hyper-V role detected

CPU: total 12 (initial active 12) (6 cores per cpu, 2 threads per core) family 6 model 141 stepping 1 microcode 0x34, cx8, cmov, fxsr, ht, mmx, 3dnowpref, sse, sse2, sse3, ssse3, sse4.1, sse4.2, popcnt, lzcnt, tsc, tscinvbit, avx, avx2, aes, erms, clmul, bmi1, bmi2, adx, avx512f, avx512dq, avx512cd, avx512bw, avx512vl, sha, fma, vzeroupper, avx512_vpopcntdq, avx512_vpclmulqdq, avx512_vaes, avx512_vnni, clflush, clflushopt, clwb, avx512_vbmi2, avx512_vbmi, hv, rdtscp, rdpid, fsrm, gfni, avx512_bitalg, f16c, cet_ibt, cet_ss, avx512_ifma
Processor Information for all 12 processors :
  Max Mhz: 2688, Current Mhz: 2688, Mhz Limit: 2688

Memory: 4k page, system-wide physical 7914M (1348M free)
TotalPageFile size 32490M (AvailPageFile size 46M)
current process WorkingSet (physical memory assigned to process): 469M, peak: 469M
current process commit charge ("private bytes"): 524M, peak: 524M

vm_info: Java HotSpot(TM) 64-Bit Server VM (22.0.1+8-16) for windows-amd64 JRE (22.0.1+8-16), built on 2024-03-12T10:33:16Z by "mach5one" with MS VC++ 17.6 (VS2022)

END.
